        Placement Information by Vertex
        ===============================

Generated: Tue Sep 26 15:22:02 2017 for target machine '10.2.225.129'

**** Vertex: 'AN pop'
Model: SpikeSourceArray
Pop size: 500
Machine Vertices: 
  Slice 0:499 (500 atoms) 

**** Vertex: 'D_stellate_pop'
Model: IFCondExpBase
Pop size: 1
Machine Vertices: 
  Slice 0:0 (1 atoms) 

**** Vertex: 'T_stellate_pop'
Model: IFCondExpBase
Pop size: 500
Machine Vertices: 
  Slice 0:254 (255 atoms) 
  Slice 255:499 (245 atoms) 

**** Vertex: 'Primary_like_pop'
Model: IFCurrExpBase
Pop size: 500
Machine Vertices: 
  Slice 0:254 (255 atoms) 
  Slice 255:499 (245 atoms) 

