*** Vertices:
Vertex AN pop, size: 500, model: SpikeSourceArray
    Constraints:
        MaxVertexAtomsConstraint(size=9223372036854775807)
    Outgoing Edge Partitions:
    Partition SPIKE:
        Edge: Projection 0, From AN pop to D_stellate_pop, model: ProjectionApplicationEdge
        Edge: Projection 1, From AN pop to T_stellate_pop, model: ProjectionApplicationEdge
        Edge: Projection 4, From AN pop to Primary_like_pop, model: ProjectionApplicationEdge

Vertex D_stellate_pop, size: 1, model: IFCondExpBase
    Constraints:
        MaxVertexAtomsConstraint(size=255)
    Outgoing Edge Partitions:
    Partition SPIKE:
        Edge: Projection 3, From D_stellate_pop to T_stellate_pop, model: ProjectionApplicationEdge

Vertex T_stellate_pop, size: 500, model: IFCondExpBase
    Constraints:
        MaxVertexAtomsConstraint(size=255)
    Outgoing Edge Partitions:
    Partition SPIKE:
        Edge: Projection 2, From T_stellate_pop to T_stellate_pop, model: ProjectionApplicationEdge

Vertex Primary_like_pop, size: 500, model: IFCurrExpBase
    Constraints:
        MaxVertexAtomsConstraint(size=255)
    Outgoing Edge Partitions:

